<?xml version="1.0" encoding="UTF-8"?>
<coverage generated="1776662921787" clover="3.2.0">
  <project timestamp="1776662921787" name="All files">
    <metrics statements="173" coveredstatements="141" conditionals="52" coveredconditionals="32" methods="31" coveredmethods="26" elements="256" coveredelements="199" complexity="0" loc="173" ncloc="173" packages="1" files="2" classes="2"/>
    <file name="ExportService.ts" path="/home/ryan/Personal/projects/lvtn-251-project-tea/project-tea/src/services/ExportService.ts">
      <metrics statements="122" coveredstatements="98" conditionals="36" coveredconditionals="20" methods="26" coveredmethods="22"/>
      <line num="1" count="1" type="stmt"/>
      <line num="2" count="1" type="stmt"/>
      <line num="5" count="1" type="stmt"/>
      <line num="7" count="1" type="stmt"/>
      <line num="17" count="1" type="stmt"/>
      <line num="21" count="1" type="stmt"/>
      <line num="25" count="1" type="stmt"/>
      <line num="29" count="1" type="stmt"/>
      <line num="34" count="1" type="stmt"/>
      <line num="38" count="0" type="stmt"/>
      <line num="42" count="0" type="stmt"/>
      <line num="46" count="1" type="stmt"/>
      <line num="47" count="1" type="stmt"/>
      <line num="48" count="1" type="stmt"/>
      <line num="49" count="1" type="stmt"/>
      <line num="53" count="1" type="stmt"/>
      <line num="57" count="0" type="stmt"/>
      <line num="58" count="0" type="stmt"/>
      <line num="59" count="0" type="stmt"/>
      <line num="60" count="0" type="stmt"/>
      <line num="65" count="0" type="stmt"/>
      <line num="69" count="1" type="stmt"/>
      <line num="70" count="1" type="stmt"/>
      <line num="71" count="1" type="stmt"/>
      <line num="72" count="1" type="stmt"/>
      <line num="76" count="1" type="stmt"/>
      <line num="80" count="1" type="stmt"/>
      <line num="81" count="1" type="stmt"/>
      <line num="82" count="1" type="stmt"/>
      <line num="83" count="1" type="stmt"/>
      <line num="84" count="1" type="stmt"/>
      <line num="85" count="1" type="stmt"/>
      <line num="86" count="1" type="stmt"/>
      <line num="89" count="1" type="stmt"/>
      <line num="92" count="1" type="stmt"/>
      <line num="93" count="1" type="cond" truecount="1" falsecount="1"/>
      <line num="94" count="1" type="stmt"/>
      <line num="95" count="1" type="stmt"/>
      <line num="96" count="1" type="stmt"/>
      <line num="97" count="1" type="stmt"/>
      <line num="99" count="0" type="stmt"/>
      <line num="103" count="1" type="stmt"/>
      <line num="104" count="1" type="cond" truecount="1" falsecount="1"/>
      <line num="105" count="0" type="stmt"/>
      <line num="106" count="0" type="stmt"/>
      <line num="107" count="0" type="cond" truecount="0" falsecount="2"/>
      <line num="108" count="0" type="stmt"/>
      <line num="110" count="1" type="stmt"/>
      <line num="113" count="1" type="stmt"/>
      <line num="115" count="0" type="stmt"/>
      <line num="121" count="1" type="stmt"/>
      <line num="122" count="1" type="stmt"/>
      <line num="123" count="1" type="stmt"/>
      <line num="124" count="1" type="stmt"/>
      <line num="125" count="1" type="stmt"/>
      <line num="126" count="1" type="stmt"/>
      <line num="127" count="1" type="stmt"/>
      <line num="129" count="1" type="stmt"/>
      <line num="131" count="1" type="stmt"/>
      <line num="132" count="1" type="cond" truecount="1" falsecount="1"/>
      <line num="133" count="1" type="stmt"/>
      <line num="134" count="1" type="stmt"/>
      <line num="135" count="1" type="cond" truecount="1" falsecount="1"/>
      <line num="136" count="1" type="stmt"/>
      <line num="138" count="0" type="stmt"/>
      <line num="141" count="1" type="stmt"/>
      <line num="143" count="0" type="stmt"/>
      <line num="149" count="2" type="stmt"/>
      <line num="150" count="2" type="stmt"/>
      <line num="152" count="2" type="stmt"/>
      <line num="156" count="3" type="stmt"/>
      <line num="157" count="3" type="stmt"/>
      <line num="158" count="3" type="stmt"/>
      <line num="162" count="1" type="stmt"/>
      <line num="163" count="1" type="stmt"/>
      <line num="171" count="2" type="stmt"/>
      <line num="172" count="2" type="stmt"/>
      <line num="173" count="2" type="stmt"/>
      <line num="174" count="2" type="stmt"/>
      <line num="176" count="2" type="stmt"/>
      <line num="177" count="2" type="stmt"/>
      <line num="180" count="2" type="stmt"/>
      <line num="181" count="8" type="stmt"/>
      <line num="182" count="8" type="stmt"/>
      <line num="184" count="8" type="stmt"/>
      <line num="186" count="2" type="stmt"/>
      <line num="189" count="2" type="stmt"/>
      <line num="191" count="2" type="stmt"/>
      <line num="192" count="8" type="stmt"/>
      <line num="193" count="8" type="cond" truecount="1" falsecount="1"/>
      <line num="196" count="8" type="stmt"/>
      <line num="198" count="2" type="stmt"/>
      <line num="201" count="2" type="stmt"/>
      <line num="202" count="2" type="cond" truecount="1" falsecount="1"/>
      <line num="203" count="0" type="stmt"/>
      <line num="204" count="0" type="stmt"/>
      <line num="206" count="0" type="stmt"/>
      <line num="207" count="0" type="stmt"/>
      <line num="208" count="0" type="stmt"/>
      <line num="209" count="0" type="stmt"/>
      <line num="211" count="0" type="stmt"/>
      <line num="213" count="0" type="stmt"/>
      <line num="217" count="2" type="stmt"/>
      <line num="218" count="2" type="cond" truecount="1" falsecount="1"/>
      <line num="219" count="8" type="stmt"/>
      <line num="220" count="2" type="stmt"/>
      <line num="223" count="2" type="stmt"/>
      <line num="224" count="8" type="cond" truecount="2" falsecount="2"/>
      <line num="226" count="0" type="stmt"/>
      <line num="234" count="8" type="stmt"/>
      <line num="240" count="8" type="stmt"/>
      <line num="244" count="2" type="stmt"/>
      <line num="245" count="8" type="stmt"/>
      <line num="246" count="2" type="stmt"/>
      <line num="248" count="2" type="stmt"/>
      <line num="251" count="2" type="stmt"/>
      <line num="252" count="2" type="stmt"/>
      <line num="256" count="16" type="cond" truecount="3" falsecount="1"/>
      <line num="257" count="16" type="stmt"/>
      <line num="258" count="16" type="cond" truecount="5" falsecount="0"/>
      <line num="259" count="1" type="stmt"/>
      <line num="261" count="15" type="stmt"/>
    </file>
    <file name="MalwareScannerService.ts" path="/home/ryan/Personal/projects/lvtn-251-project-tea/project-tea/src/services/MalwareScannerService.ts">
      <metrics statements="51" coveredstatements="43" conditionals="16" coveredconditionals="12" methods="5" coveredmethods="4"/>
      <line num="1" count="1" type="stmt"/>
      <line num="2" count="1" type="stmt"/>
      <line num="16" count="1" type="stmt"/>
      <line num="18" count="2" type="stmt"/>
      <line num="19" count="2" type="stmt"/>
      <line num="20" count="2" type="stmt"/>
      <line num="22" count="2" type="stmt"/>
      <line num="23" count="2" type="stmt"/>
      <line num="27" count="2" type="cond" truecount="1" falsecount="1"/>
      <line num="28" count="0" type="stmt"/>
      <line num="31" count="2" type="stmt"/>
      <line num="32" count="2" type="stmt"/>
      <line num="33" count="2" type="stmt"/>
      <line num="35" count="2" type="stmt"/>
      <line num="36" count="2" type="stmt"/>
      <line num="37" count="2" type="stmt"/>
      <line num="38" count="2" type="stmt"/>
      <line num="40" count="2" type="stmt"/>
      <line num="42" count="0" type="stmt"/>
      <line num="46" count="0" type="stmt"/>
      <line num="51" count="2" type="stmt"/>
      <line num="52" count="2" type="stmt"/>
      <line num="55" count="2" type="stmt"/>
      <line num="58" count="2" type="stmt"/>
      <line num="59" count="2" type="cond" truecount="2" falsecount="0"/>
      <line num="60" count="1" type="stmt"/>
      <line num="61" count="1" type="stmt"/>
      <line num="64" count="1" type="stmt"/>
      <line num="65" count="1" type="stmt"/>
      <line num="67" count="1" type="stmt"/>
      <line num="69" count="1" type="cond" truecount="1" falsecount="1"/>
      <line num="70" count="1" type="stmt"/>
      <line num="71" count="3" type="stmt"/>
      <line num="72" count="3" type="cond" truecount="1" falsecount="1"/>
      <line num="73" count="3" type="stmt"/>
      <line num="75" count="3" type="cond" truecount="3" falsecount="1"/>
      <line num="76" count="3" type="stmt"/>
      <line num="77" count="3" type="cond" truecount="2" falsecount="0"/>
      <line num="78" count="1" type="stmt"/>
      <line num="89" count="1" type="stmt"/>
      <line num="92" count="1" type="stmt"/>
      <line num="94" count="0" type="stmt"/>
      <line num="95" count="0" type="stmt"/>
      <line num="100" count="3" type="stmt"/>
      <line num="101" count="3" type="stmt"/>
      <line num="103" count="3" type="cond" truecount="2" falsecount="0"/>
      <line num="104" count="1" type="stmt"/>
      <line num="111" count="2" type="stmt"/>
      <line num="115" count="0" type="stmt"/>
      <line num="116" count="0" type="stmt"/>
      <line num="117" count="0" type="stmt"/>
    </file>
  </project>
</coverage>
