{"/home/ryan/Personal/projects/lvtn-251-project-tea/project-tea/src/services/ExportService.ts": {"path":"/home/ryan/Personal/projects/lvtn-251-project-tea/project-tea/src/services/ExportService.ts","statementMap":{"0":{"start":{"line":1,"column":0},"end":{"line":1,"column":33}},"1":{"start":{"line":2,"column":0},"end":{"line":2,"column":25}},"2":{"start":{"line":5,"column":0},"end":{"line":5,"column":33}},"3":{"start":{"line":7,"column":10},"end":{"line":15,"column":2}},"4":{"start":{"line":21,"column":16},"end":{"line":24,"column":6}},"5":{"start":{"line":25,"column":4},"end":{"line":25,"column":15}},"6":{"start":{"line":29,"column":17},"end":{"line":33,"column":6}},"7":{"start":{"line":34,"column":4},"end":{"line":34,"column":83}},"8":{"start":{"line":38,"column":17},"end":{"line":41,"column":6}},"9":{"start":{"line":42,"column":4},"end":{"line":42,"column":83}},"10":{"start":{"line":46,"column":20},"end":{"line":46,"column":56}},"11":{"start":{"line":47,"column":27},"end":{"line":47,"column":66}},"12":{"start":{"line":48,"column":4},"end":{"line":52,"column":5}},"13":{"start":{"line":49,"column":6},"end":{"line":51,"column":39}},"14":{"start":{"line":53,"column":4},"end":{"line":53,"column":72}},"15":{"start":{"line":57,"column":20},"end":{"line":57,"column":101}},"16":{"start":{"line":58,"column":27},"end":{"line":58,"column":66}},"17":{"start":{"line":59,"column":4},"end":{"line":64,"column":5}},"18":{"start":{"line":60,"column":6},"end":{"line":63,"column":39}},"19":{"start":{"line":65,"column":4},"end":{"line":65,"column":72}},"20":{"start":{"line":69,"column":20},"end":{"line":69,"column":60}},"21":{"start":{"line":70,"column":27},"end":{"line":70,"column":66}},"22":{"start":{"line":71,"column":4},"end":{"line":75,"column":5}},"23":{"start":{"line":72,"column":6},"end":{"line":74,"column":39}},"24":{"start":{"line":76,"column":4},"end":{"line":76,"column":72}},"25":{"start":{"line":80,"column":4},"end":{"line":117,"column":7}},"26":{"start":{"line":81,"column":6},"end":{"line":116,"column":7}},"27":{"start":{"line":82,"column":20},"end":{"line":82,"column":84}},"28":{"start":{"line":83,"column":23},"end":{"line":83,"column":55}},"29":{"start":{"line":84,"column":8},"end":{"line":84,"column":25}},"30":{"start":{"line":85,"column":8},"end":{"line":85,"column":37}},"31":{"start":{"line":86,"column":8},"end":{"line":86,"column":35}},"32":{"start":{"line":89,"column":8},"end":{"line":89,"column":56}},"33":{"start":{"line":92,"column":8},"end":{"line":92,"column":81}},"34":{"start":{"line":93,"column":8},"end":{"line":100,"column":9}},"35":{"start":{"line":94,"column":28},"end":{"line":94,"column":65}},"36":{"start":{"line":95,"column":28},"end":{"line":95,"column":47}},"37":{"start":{"line":96,"column":28},"end":{"line":96,"column":95}},"38":{"start":{"line":96,"column":47},"end":{"line":96,"column":94}},"39":{"start":{"line":97,"column":10},"end":{"line":97,"column":57}},"40":{"start":{"line":99,"column":10},"end":{"line":99,"column":56}},"41":{"start":{"line":103,"column":8},"end":{"line":103,"column":81}},"42":{"start":{"line":104,"column":8},"end":{"line":111,"column":9}},"43":{"start":{"line":105,"column":27},"end":{"line":105,"column":109}},"44":{"start":{"line":106,"column":27},"end":{"line":106,"column":66}},"45":{"start":{"line":107,"column":27},"end":{"line":107,"column":159}},"46":{"start":{"line":107,"column":44},"end":{"line":107,"column":158}},"47":{"start":{"line":108,"column":10},"end":{"line":108,"column":68}},"48":{"start":{"line":110,"column":10},"end":{"line":110,"column":58}},"49":{"start":{"line":113,"column":8},"end":{"line":113,"column":18}},"50":{"start":{"line":115,"column":8},"end":{"line":115,"column":20}},"51":{"start":{"line":121,"column":4},"end":{"line":145,"column":7}},"52":{"start":{"line":122,"column":6},"end":{"line":144,"column":7}},"53":{"start":{"line":123,"column":20},"end":{"line":123,"column":84}},"54":{"start":{"line":124,"column":23},"end":{"line":124,"column":55}},"55":{"start":{"line":125,"column":8},"end":{"line":125,"column":25}},"56":{"start":{"line":126,"column":8},"end":{"line":126,"column":37}},"57":{"start":{"line":127,"column":8},"end":{"line":127,"column":35}},"58":{"start":{"line":129,"column":8},"end":{"line":129,"column":64}},"59":{"start":{"line":131,"column":8},"end":{"line":131,"column":85}},"60":{"start":{"line":132,"column":8},"end":{"line":139,"column":9}},"61":{"start":{"line":133,"column":26},"end":{"line":133,"column":75}},"62":{"start":{"line":134,"column":26},"end":{"line":134,"column":45}},"63":{"start":{"line":135,"column":26},"end":{"line":135,"column":107}},"64":{"start":{"line":135,"column":51},"end":{"line":135,"column":106}},"65":{"start":{"line":136,"column":10},"end":{"line":136,"column":51}},"66":{"start":{"line":138,"column":10},"end":{"line":138,"column":70}},"67":{"start":{"line":141,"column":8},"end":{"line":141,"column":18}},"68":{"start":{"line":143,"column":8},"end":{"line":143,"column":20}},"69":{"start":{"line":149,"column":4},"end":{"line":149,"column":97}},"70":{"start":{"line":150,"column":4},"end":{"line":151,"column":77}},"71":{"start":{"line":152,"column":4},"end":{"line":152,"column":22}},"72":{"start":{"line":156,"column":4},"end":{"line":156,"column":22}},"73":{"start":{"line":157,"column":4},"end":{"line":157,"column":75}},"74":{"start":{"line":158,"column":4},"end":{"line":158,"column":22}},"75":{"start":{"line":162,"column":4},"end":{"line":162,"column":76}},"76":{"start":{"line":163,"column":4},"end":{"line":163,"column":22}},"77":{"start":{"line":171,"column":21},"end":{"line":171,"column":23}},"78":{"start":{"line":172,"column":21},"end":{"line":172,"column":23}},"79":{"start":{"line":173,"column":21},"end":{"line":173,"column":22}},"80":{"start":{"line":174,"column":21},"end":{"line":174,"column":23}},"81":{"start":{"line":176,"column":12},"end":{"line":176,"column":18}},"82":{"start":{"line":177,"column":12},"end":{"line":177,"column":17}},"83":{"start":{"line":180,"column":4},"end":{"line":185,"column":7}},"84":{"start":{"line":181,"column":6},"end":{"line":181,"column":54}},"85":{"start":{"line":182,"column":6},"end":{"line":183,"column":90}},"86":{"start":{"line":184,"column":6},"end":{"line":184,"column":19}},"87":{"start":{"line":186,"column":4},"end":{"line":186,"column":17}},"88":{"start":{"line":189,"column":4},"end":{"line":249,"column":7}},"89":{"start":{"line":191,"column":26},"end":{"line":197,"column":8}},"90":{"start":{"line":192,"column":8},"end":{"line":192,"column":24}},"91":{"start":{"line":193,"column":25},"end":{"line":195,"column":10}},"92":{"start":{"line":196,"column":8},"end":{"line":196,"column":38}},"93":{"start":{"line":198,"column":17},"end":{"line":198,"column":47}},"94":{"start":{"line":201,"column":20},"end":{"line":201,"column":61}},"95":{"start":{"line":202,"column":6},"end":{"line":214,"column":7}},"96":{"start":{"line":203,"column":8},"end":{"line":203,"column":22}},"97":{"start":{"line":204,"column":8},"end":{"line":204,"column":33}},"98":{"start":{"line":206,"column":8},"end":{"line":206,"column":19}},"99":{"start":{"line":207,"column":8},"end":{"line":212,"column":11}},"100":{"start":{"line":208,"column":10},"end":{"line":208,"column":58}},"101":{"start":{"line":209,"column":10},"end":{"line":210,"column":94}},"102":{"start":{"line":211,"column":10},"end":{"line":211,"column":23}},"103":{"start":{"line":213,"column":8},"end":{"line":213,"column":21}},"104":{"start":{"line":217,"column":6},"end":{"line":217,"column":17}},"105":{"start":{"line":218,"column":17},"end":{"line":218,"column":52}},"106":{"start":{"line":219,"column":21},"end":{"line":219,"column":52}},"107":{"start":{"line":219,"column":43},"end":{"line":219,"column":48}},"108":{"start":{"line":220,"column":6},"end":{"line":220,"column":42}},"109":{"start":{"line":223,"column":6},"end":{"line":241,"column":9}},"110":{"start":{"line":224,"column":8},"end":{"line":239,"column":9}},"111":{"start":{"line":226,"column":10},"end":{"line":232,"column":16}},"112":{"start":{"line":234,"column":10},"end":{"line":238,"column":16}},"113":{"start":{"line":240,"column":8},"end":{"line":240,"column":22}},"114":{"start":{"line":244,"column":6},"end":{"line":244,"column":17}},"115":{"start":{"line":245,"column":17},"end":{"line":245,"column":48}},"116":{"start":{"line":245,"column":39},"end":{"line":245,"column":44}},"117":{"start":{"line":246,"column":6},"end":{"line":246,"column":97}},"118":{"start":{"line":248,"column":6},"end":{"line":248,"column":14}},"119":{"start":{"line":251,"column":4},"end":{"line":251,"column":19}},"120":{"start":{"line":252,"column":4},"end":{"line":252,"column":18}},"121":{"start":{"line":256,"column":4},"end":{"line":256,"column":57}},"122":{"start":{"line":256,"column":45},"end":{"line":256,"column":55}},"123":{"start":{"line":257,"column":16},"end":{"line":257,"column":27}},"124":{"start":{"line":258,"column":4},"end":{"line":260,"column":5}},"125":{"start":{"line":259,"column":6},"end":{"line":259,"column":49}},"126":{"start":{"line":261,"column":4},"end":{"line":261,"column":15}},"127":{"start":{"line":17,"column":0},"end":{"line":17,"column":13}}},"fnMap":{"0":{"name":"(anonymous_10)","decl":{"start":{"line":18,"column":2},"end":{"line":18,"column":17}},"loc":{"start":{"line":18,"column":2},"end":{"line":18,"column":18}}},"1":{"name":"(anonymous_11)","decl":{"start":{"line":20,"column":9},"end":{"line":20,"column":14}},"loc":{"start":{"line":20,"column":92},"end":{"line":26,"column":3}}},"2":{"name":"(anonymous_12)","decl":{"start":{"line":28,"column":9},"end":{"line":28,"column":14}},"loc":{"start":{"line":28,"column":108},"end":{"line":35,"column":3}}},"3":{"name":"(anonymous_13)","decl":{"start":{"line":37,"column":9},"end":{"line":37,"column":14}},"loc":{"start":{"line":37,"column":91},"end":{"line":43,"column":3}}},"4":{"name":"(anonymous_14)","decl":{"start":{"line":45,"column":9},"end":{"line":45,"column":14}},"loc":{"start":{"line":45,"column":89},"end":{"line":54,"column":3}}},"5":{"name":"(anonymous_15)","decl":{"start":{"line":56,"column":9},"end":{"line":56,"column":14}},"loc":{"start":{"line":56,"column":83},"end":{"line":66,"column":3}}},"6":{"name":"(anonymous_16)","decl":{"start":{"line":68,"column":9},"end":{"line":68,"column":14}},"loc":{"start":{"line":68,"column":90},"end":{"line":77,"column":3}}},"7":{"name":"(anonymous_17)","decl":{"start":{"line":79,"column":9},"end":{"line":79,"column":14}},"loc":{"start":{"line":79,"column":107},"end":{"line":118,"column":3}}},"8":{"name":"(anonymous_18)","decl":{"start":{"line":80,"column":23},"end":{"line":80,"column":24}},"loc":{"start":{"line":80,"column":43},"end":{"line":117,"column":5}}},"9":{"name":"(anonymous_19)","decl":{"start":{"line":96,"column":42},"end":{"line":96,"column":43}},"loc":{"start":{"line":96,"column":47},"end":{"line":96,"column":94}}},"10":{"name":"(anonymous_20)","decl":{"start":{"line":107,"column":39},"end":{"line":107,"column":40}},"loc":{"start":{"line":107,"column":44},"end":{"line":107,"column":158}}},"11":{"name":"(anonymous_21)","decl":{"start":{"line":120,"column":9},"end":{"line":120,"column":14}},"loc":{"start":{"line":120,"column":90},"end":{"line":146,"column":3}}},"12":{"name":"(anonymous_22)","decl":{"start":{"line":121,"column":23},"end":{"line":121,"column":24}},"loc":{"start":{"line":121,"column":43},"end":{"line":145,"column":5}}},"13":{"name":"(anonymous_23)","decl":{"start":{"line":135,"column":46},"end":{"line":135,"column":47}},"loc":{"start":{"line":135,"column":51},"end":{"line":135,"column":106}}},"14":{"name":"(anonymous_24)","decl":{"start":{"line":148,"column":10},"end":{"line":148,"column":19}},"loc":{"start":{"line":148,"column":58},"end":{"line":153,"column":3}}},"15":{"name":"(anonymous_25)","decl":{"start":{"line":155,"column":10},"end":{"line":155,"column":28}},"loc":{"start":{"line":155,"column":66},"end":{"line":159,"column":3}}},"16":{"name":"(anonymous_26)","decl":{"start":{"line":161,"column":10},"end":{"line":161,"column":19}},"loc":{"start":{"line":161,"column":57},"end":{"line":164,"column":3}}},"17":{"name":"(anonymous_27)","decl":{"start":{"line":170,"column":10},"end":{"line":170,"column":19}},"loc":{"start":{"line":170,"column":131},"end":{"line":253,"column":3}}},"18":{"name":"(anonymous_28)","decl":{"start":{"line":180,"column":20},"end":{"line":180,"column":21}},"loc":{"start":{"line":180,"column":29},"end":{"line":185,"column":5}}},"19":{"name":"(anonymous_29)","decl":{"start":{"line":189,"column":17},"end":{"line":189,"column":18}},"loc":{"start":{"line":189,"column":29},"end":{"line":249,"column":5}}},"20":{"name":"(anonymous_30)","decl":{"start":{"line":191,"column":34},"end":{"line":191,"column":35}},"loc":{"start":{"line":191,"column":47},"end":{"line":197,"column":7}}},"21":{"name":"(anonymous_31)","decl":{"start":{"line":207,"column":24},"end":{"line":207,"column":25}},"loc":{"start":{"line":207,"column":33},"end":{"line":212,"column":9}}},"22":{"name":"(anonymous_32)","decl":{"start":{"line":219,"column":33},"end":{"line":219,"column":34}},"loc":{"start":{"line":219,"column":43},"end":{"line":219,"column":48}}},"23":{"name":"(anonymous_33)","decl":{"start":{"line":223,"column":18},"end":{"line":223,"column":19}},"loc":{"start":{"line":223,"column":31},"end":{"line":241,"column":7}}},"24":{"name":"(anonymous_34)","decl":{"start":{"line":245,"column":29},"end":{"line":245,"column":30}},"loc":{"start":{"line":245,"column":39},"end":{"line":245,"column":44}}},"25":{"name":"(anonymous_35)","decl":{"start":{"line":255,"column":10},"end":{"line":255,"column":19}},"loc":{"start":{"line":255,"column":31},"end":{"line":262,"column":3}}}},"branchMap":{"0":{"loc":{"start":{"line":62,"column":49},"end":{"line":62,"column":62}},"type":"binary-expr","locations":[{"start":{"line":62,"column":49},"end":{"line":62,"column":56}},{"start":{"line":62,"column":60},"end":{"line":62,"column":62}}]},"1":{"loc":{"start":{"line":73,"column":44},"end":{"line":73,"column":60}},"type":"binary-expr","locations":[{"start":{"line":73,"column":44},"end":{"line":73,"column":54}},{"start":{"line":73,"column":58},"end":{"line":73,"column":60}}]},"2":{"loc":{"start":{"line":93,"column":8},"end":{"line":100,"column":9}},"type":"if","locations":[{"start":{"line":93,"column":8},"end":{"line":100,"column":9}},{"start":{"line":98,"column":15},"end":{"line":100,"column":9}}]},"3":{"loc":{"start":{"line":104,"column":8},"end":{"line":111,"column":9}},"type":"if","locations":[{"start":{"line":104,"column":8},"end":{"line":111,"column":9}},{"start":{"line":109,"column":15},"end":{"line":111,"column":9}}]},"4":{"loc":{"start":{"line":107,"column":145},"end":{"line":107,"column":157}},"type":"binary-expr","locations":[{"start":{"line":107,"column":145},"end":{"line":107,"column":151}},{"start":{"line":107,"column":155},"end":{"line":107,"column":157}}]},"5":{"loc":{"start":{"line":132,"column":8},"end":{"line":139,"column":9}},"type":"if","locations":[{"start":{"line":132,"column":8},"end":{"line":139,"column":9}},{"start":{"line":137,"column":15},"end":{"line":139,"column":9}}]},"6":{"loc":{"start":{"line":135,"column":88},"end":{"line":135,"column":105}},"type":"binary-expr","locations":[{"start":{"line":135,"column":88},"end":{"line":135,"column":98}},{"start":{"line":135,"column":102},"end":{"line":135,"column":105}}]},"7":{"loc":{"start":{"line":170,"column":98},"end":{"line":170,"column":131}},"type":"default-arg","locations":[{"start":{"line":170,"column":122},"end":{"line":170,"column":131}}]},"8":{"loc":{"start":{"line":193,"column":44},"end":{"line":193,"column":55}},"type":"binary-expr","locations":[{"start":{"line":193,"column":44},"end":{"line":193,"column":48}},{"start":{"line":193,"column":52},"end":{"line":193,"column":55}}]},"9":{"loc":{"start":{"line":202,"column":6},"end":{"line":214,"column":7}},"type":"if","locations":[{"start":{"line":202,"column":6},"end":{"line":214,"column":7}},{"start":{},"end":{}}]},"10":{"loc":{"start":{"line":218,"column":17},"end":{"line":218,"column":52}},"type":"cond-expr","locations":[{"start":{"line":218,"column":32},"end":{"line":218,"column":40}},{"start":{"line":218,"column":43},"end":{"line":218,"column":52}}]},"11":{"loc":{"start":{"line":224,"column":8},"end":{"line":239,"column":9}},"type":"if","locations":[{"start":{"line":224,"column":8},"end":{"line":239,"column":9}},{"start":{"line":233,"column":15},"end":{"line":239,"column":9}}]},"12":{"loc":{"start":{"line":224,"column":12},"end":{"line":224,"column":36}},"type":"binary-expr","locations":[{"start":{"line":224,"column":12},"end":{"line":224,"column":28}},{"start":{"line":224,"column":32},"end":{"line":224,"column":36}}]},"13":{"loc":{"start":{"line":235,"column":19},"end":{"line":235,"column":30}},"type":"binary-expr","locations":[{"start":{"line":235,"column":19},"end":{"line":235,"column":23}},{"start":{"line":235,"column":27},"end":{"line":235,"column":30}}]},"14":{"loc":{"start":{"line":256,"column":4},"end":{"line":256,"column":57}},"type":"if","locations":[{"start":{"line":256,"column":4},"end":{"line":256,"column":57}},{"start":{},"end":{}}]},"15":{"loc":{"start":{"line":256,"column":8},"end":{"line":256,"column":41}},"type":"binary-expr","locations":[{"start":{"line":256,"column":8},"end":{"line":256,"column":25}},{"start":{"line":256,"column":29},"end":{"line":256,"column":41}}]},"16":{"loc":{"start":{"line":258,"column":4},"end":{"line":260,"column":5}},"type":"if","locations":[{"start":{"line":258,"column":4},"end":{"line":260,"column":5}},{"start":{},"end":{}}]},"17":{"loc":{"start":{"line":258,"column":8},"end":{"line":258,"column":68}},"type":"binary-expr","locations":[{"start":{"line":258,"column":8},"end":{"line":258,"column":25}},{"start":{"line":258,"column":29},"end":{"line":258,"column":46}},{"start":{"line":258,"column":50},"end":{"line":258,"column":68}}]}},"s":{"0":1,"1":1,"2":1,"3":1,"4":1,"5":1,"6":1,"7":1,"8":0,"9":0,"10":1,"11":1,"12":1,"13":1,"14":1,"15":0,"16":0,"17":0,"18":0,"19":0,"20":1,"21":1,"22":1,"23":1,"24":1,"25":1,"26":1,"27":1,"28":1,"29":1,"30":1,"31":1,"32":1,"33":1,"34":1,"35":1,"36":1,"37":1,"38":1,"39":1,"40":0,"41":1,"42":1,"43":0,"44":0,"45":0,"46":0,"47":0,"48":1,"49":1,"50":0,"51":1,"52":1,"53":1,"54":1,"55":1,"56":1,"57":1,"58":1,"59":1,"60":1,"61":1,"62":1,"63":1,"64":1,"65":1,"66":0,"67":1,"68":0,"69":2,"70":2,"71":2,"72":3,"73":3,"74":3,"75":1,"76":1,"77":2,"78":2,"79":2,"80":2,"81":2,"82":2,"83":2,"84":8,"85":8,"86":8,"87":2,"88":2,"89":2,"90":8,"91":8,"92":8,"93":2,"94":2,"95":2,"96":0,"97":0,"98":0,"99":0,"100":0,"101":0,"102":0,"103":0,"104":2,"105":2,"106":2,"107":8,"108":2,"109":2,"110":8,"111":0,"112":8,"113":8,"114":2,"115":2,"116":8,"117":2,"118":2,"119":2,"120":2,"121":16,"122":0,"123":16,"124":16,"125":1,"126":15,"127":1},"f":{"0":6,"1":1,"2":1,"3":0,"4":1,"5":0,"6":1,"7":1,"8":1,"9":1,"10":0,"11":1,"12":1,"13":1,"14":2,"15":3,"16":1,"17":2,"18":8,"19":2,"20":8,"21":0,"22":8,"23":8,"24":8,"25":16},"b":{"0":[0,0],"1":[1,0],"2":[1,0],"3":[0,1],"4":[0,0],"5":[1,0],"6":[1,0],"7":[2],"8":[8,0],"9":[0,2],"10":[0,2],"11":[0,8],"12":[8,0],"13":[8,0],"14":[0,16],"15":[16,16],"16":[1,15],"17":[16,15,15]}}
,"/home/ryan/Personal/projects/lvtn-251-project-tea/project-tea/src/services/MalwareScannerService.ts": {"path":"/home/ryan/Personal/projects/lvtn-251-project-tea/project-tea/src/services/MalwareScannerService.ts","statementMap":{"0":{"start":{"line":1,"column":0},"end":{"line":1,"column":25}},"1":{"start":{"line":2,"column":0},"end":{"line":2,"column":29}},"2":{"start":{"line":18,"column":49},"end":{"line":18,"column":58}},"3":{"start":{"line":19,"column":27},"end":{"line":19,"column":32}},"4":{"start":{"line":20,"column":25},"end":{"line":20,"column":91}},"5":{"start":{"line":22,"column":22},"end":{"line":22,"column":37}},"6":{"start":{"line":23,"column":4},"end":{"line":23,"column":59}},"7":{"start":{"line":27,"column":4},"end":{"line":29,"column":5}},"8":{"start":{"line":28,"column":6},"end":{"line":28,"column":13}},"9":{"start":{"line":31,"column":4},"end":{"line":47,"column":5}},"10":{"start":{"line":32,"column":22},"end":{"line":32,"column":65}},"11":{"start":{"line":33,"column":26},"end":{"line":33,"column":63}},"12":{"start":{"line":35,"column":6},"end":{"line":35,"column":33}},"13":{"start":{"line":36,"column":6},"end":{"line":39,"column":7}},"14":{"start":{"line":37,"column":20},"end":{"line":37,"column":60}},"15":{"start":{"line":38,"column":8},"end":{"line":38,"column":52}},"16":{"start":{"line":40,"column":6},"end":{"line":40,"column":85}},"17":{"start":{"line":42,"column":6},"end":{"line":45,"column":8}},"18":{"start":{"line":46,"column":6},"end":{"line":46,"column":57}},"19":{"start":{"line":51,"column":4},"end":{"line":51,"column":71}},"20":{"start":{"line":52,"column":4},"end":{"line":52,"column":31}},"21":{"start":{"line":55,"column":28},"end":{"line":55,"column":73}},"22":{"start":{"line":58,"column":4},"end":{"line":96,"column":5}},"23":{"start":{"line":59,"column":6},"end":{"line":62,"column":7}},"24":{"start":{"line":60,"column":8},"end":{"line":60,"column":56}},"25":{"start":{"line":61,"column":8},"end":{"line":61,"column":18}},"26":{"start":{"line":64,"column":22},"end":{"line":64,"column":63}},"27":{"start":{"line":65,"column":26},"end":{"line":65,"column":45}},"28":{"start":{"line":67,"column":54},"end":{"line":67,"column":56}},"29":{"start":{"line":69,"column":6},"end":{"line":87,"column":7}},"30":{"start":{"line":70,"column":8},"end":{"line":86,"column":9}},"31":{"start":{"line":71,"column":22},"end":{"line":71,"column":40}},"32":{"start":{"line":72,"column":30},"end":{"line":72,"column":70}},"33":{"start":{"line":73,"column":26},"end":{"line":73,"column":37}},"34":{"start":{"line":75,"column":10},"end":{"line":85,"column":11}},"35":{"start":{"line":76,"column":26},"end":{"line":76,"column":69}},"36":{"start":{"line":77,"column":12},"end":{"line":84,"column":13}},"37":{"start":{"line":78,"column":14},"end":{"line":83,"column":17}},"38":{"start":{"line":89,"column":6},"end":{"line":91,"column":8}},"39":{"start":{"line":92,"column":6},"end":{"line":92,"column":41}},"40":{"start":{"line":94,"column":6},"end":{"line":94,"column":76}},"41":{"start":{"line":95,"column":6},"end":{"line":95,"column":87}},"42":{"start":{"line":100,"column":16},"end":{"line":100,"column":43}},"43":{"start":{"line":101,"column":19},"end":{"line":101,"column":48}},"44":{"start":{"line":103,"column":4},"end":{"line":109,"column":5}},"45":{"start":{"line":104,"column":6},"end":{"line":108,"column":8}},"46":{"start":{"line":111,"column":4},"end":{"line":111,"column":16}},"47":{"start":{"line":115,"column":4},"end":{"line":115,"column":57}},"48":{"start":{"line":116,"column":4},"end":{"line":116,"column":33}},"49":{"start":{"line":117,"column":4},"end":{"line":117,"column":32}},"50":{"start":{"line":16,"column":0},"end":{"line":16,"column":13}}},"fnMap":{"0":{"name":"(anonymous_9)","decl":{"start":{"line":22,"column":2},"end":{"line":22,"column":22}},"loc":{"start":{"line":22,"column":37},"end":{"line":24,"column":3}}},"1":{"name":"(anonymous_10)","decl":{"start":{"line":26,"column":10},"end":{"line":26,"column":29}},"loc":{"start":{"line":26,"column":29},"end":{"line":48,"column":3}}},"2":{"name":"(anonymous_11)","decl":{"start":{"line":50,"column":2},"end":{"line":50,"column":7}},"loc":{"start":{"line":50,"column":45},"end":{"line":97,"column":3}}},"3":{"name":"(anonymous_12)","decl":{"start":{"line":99,"column":10},"end":{"line":99,"column":26}},"loc":{"start":{"line":99,"column":63},"end":{"line":112,"column":3}}},"4":{"name":"(anonymous_13)","decl":{"start":{"line":114,"column":2},"end":{"line":114,"column":9}},"loc":{"start":{"line":114,"column":9},"end":{"line":118,"column":3}}}},"branchMap":{"0":{"loc":{"start":{"line":27,"column":4},"end":{"line":29,"column":5}},"type":"if","locations":[{"start":{"line":27,"column":4},"end":{"line":29,"column":5}},{"start":{},"end":{}}]},"1":{"loc":{"start":{"line":59,"column":6},"end":{"line":62,"column":7}},"type":"if","locations":[{"start":{"line":59,"column":6},"end":{"line":62,"column":7}},{"start":{},"end":{}}]},"2":{"loc":{"start":{"line":69,"column":6},"end":{"line":87,"column":7}},"type":"if","locations":[{"start":{"line":69,"column":6},"end":{"line":87,"column":7}},{"start":{},"end":{}}]},"3":{"loc":{"start":{"line":72,"column":30},"end":{"line":72,"column":70}},"type":"binary-expr","locations":[{"start":{"line":72,"column":30},"end":{"line":72,"column":38}},{"start":{"line":72,"column":42},"end":{"line":72,"column":70}}]},"4":{"loc":{"start":{"line":75,"column":10},"end":{"line":85,"column":11}},"type":"if","locations":[{"start":{"line":75,"column":10},"end":{"line":85,"column":11}},{"start":{},"end":{}}]},"5":{"loc":{"start":{"line":75,"column":14},"end":{"line":75,"column":36}},"type":"binary-expr","locations":[{"start":{"line":75,"column":14},"end":{"line":75,"column":25}},{"start":{"line":75,"column":29},"end":{"line":75,"column":36}}]},"6":{"loc":{"start":{"line":77,"column":12},"end":{"line":84,"column":13}},"type":"if","locations":[{"start":{"line":77,"column":12},"end":{"line":84,"column":13}},{"start":{},"end":{}}]},"7":{"loc":{"start":{"line":103,"column":4},"end":{"line":109,"column":5}},"type":"if","locations":[{"start":{"line":103,"column":4},"end":{"line":109,"column":5}},{"start":{},"end":{}}]}},"s":{"0":1,"1":1,"2":2,"3":2,"4":2,"5":2,"6":2,"7":2,"8":0,"9":2,"10":2,"11":2,"12":2,"13":2,"14":2,"15":2,"16":2,"17":0,"18":0,"19":2,"20":2,"21":2,"22":2,"23":2,"24":1,"25":1,"26":1,"27":1,"28":1,"29":1,"30":1,"31":3,"32":3,"33":3,"34":3,"35":3,"36":3,"37":1,"38":1,"39":1,"40":0,"41":0,"42":3,"43":3,"44":3,"45":1,"46":2,"47":0,"48":0,"49":0,"50":1},"f":{"0":2,"1":2,"2":2,"3":3,"4":0},"b":{"0":[0,2],"1":[1,1],"2":[1,0],"3":[3,0],"4":[3,0],"5":[3,3],"6":[1,2],"7":[1,2]}}
}
