TN:
SF:src/services/ExportService.ts
FN:18,(anonymous_10)
FN:20,(anonymous_11)
FN:28,(anonymous_12)
FN:37,(anonymous_13)
FN:45,(anonymous_14)
FN:56,(anonymous_15)
FN:68,(anonymous_16)
FN:79,(anonymous_17)
FN:80,(anonymous_18)
FN:96,(anonymous_19)
FN:107,(anonymous_20)
FN:120,(anonymous_21)
FN:121,(anonymous_22)
FN:135,(anonymous_23)
FN:148,(anonymous_24)
FN:155,(anonymous_25)
FN:161,(anonymous_26)
FN:170,(anonymous_27)
FN:180,(anonymous_28)
FN:189,(anonymous_29)
FN:191,(anonymous_30)
FN:207,(anonymous_31)
FN:219,(anonymous_32)
FN:223,(anonymous_33)
FN:245,(anonymous_34)
FN:255,(anonymous_35)
FNF:26
FNH:22
FNDA:6,(anonymous_10)
FNDA:1,(anonymous_11)
FNDA:1,(anonymous_12)
FNDA:0,(anonymous_13)
FNDA:1,(anonymous_14)
FNDA:0,(anonymous_15)
FNDA:1,(anonymous_16)
FNDA:1,(anonymous_17)
FNDA:1,(anonymous_18)
FNDA:1,(anonymous_19)
FNDA:0,(anonymous_20)
FNDA:1,(anonymous_21)
FNDA:1,(anonymous_22)
FNDA:1,(anonymous_23)
FNDA:2,(anonymous_24)
FNDA:3,(anonymous_25)
FNDA:1,(anonymous_26)
FNDA:2,(anonymous_27)
FNDA:8,(anonymous_28)
FNDA:2,(anonymous_29)
FNDA:8,(anonymous_30)
FNDA:0,(anonymous_31)
FNDA:8,(anonymous_32)
FNDA:8,(anonymous_33)
FNDA:8,(anonymous_34)
FNDA:16,(anonymous_35)
DA:1,1
DA:2,1
DA:5,1
DA:7,1
DA:17,1
DA:21,1
DA:25,1
DA:29,1
DA:34,1
DA:38,0
DA:42,0
DA:46,1
DA:47,1
DA:48,1
DA:49,1
DA:53,1
DA:57,0
DA:58,0
DA:59,0
DA:60,0
DA:65,0
DA:69,1
DA:70,1
DA:71,1
DA:72,1
DA:76,1
DA:80,1
DA:81,1
DA:82,1
DA:83,1
DA:84,1
DA:85,1
DA:86,1
DA:89,1
DA:92,1
DA:93,1
DA:94,1
DA:95,1
DA:96,1
DA:97,1
DA:99,0
DA:103,1
DA:104,1
DA:105,0
DA:106,0
DA:107,0
DA:108,0
DA:110,1
DA:113,1
DA:115,0
DA:121,1
DA:122,1
DA:123,1
DA:124,1
DA:125,1
DA:126,1
DA:127,1
DA:129,1
DA:131,1
DA:132,1
DA:133,1
DA:134,1
DA:135,1
DA:136,1
DA:138,0
DA:141,1
DA:143,0
DA:149,2
DA:150,2
DA:152,2
DA:156,3
DA:157,3
DA:158,3
DA:162,1
DA:163,1
DA:171,2
DA:172,2
DA:173,2
DA:174,2
DA:176,2
DA:177,2
DA:180,2
DA:181,8
DA:182,8
DA:184,8
DA:186,2
DA:189,2
DA:191,2
DA:192,8
DA:193,8
DA:196,8
DA:198,2
DA:201,2
DA:202,2
DA:203,0
DA:204,0
DA:206,0
DA:207,0
DA:208,0
DA:209,0
DA:211,0
DA:213,0
DA:217,2
DA:218,2
DA:219,8
DA:220,2
DA:223,2
DA:224,8
DA:226,0
DA:234,8
DA:240,8
DA:244,2
DA:245,8
DA:246,2
DA:248,2
DA:251,2
DA:252,2
DA:256,16
DA:257,16
DA:258,16
DA:259,1
DA:261,15
LF:122
LH:98
BRDA:62,0,0,0
BRDA:62,0,1,0
BRDA:73,1,0,1
BRDA:73,1,1,0
BRDA:93,2,0,1
BRDA:93,2,1,0
BRDA:104,3,0,0
BRDA:104,3,1,1
BRDA:107,4,0,0
BRDA:107,4,1,0
BRDA:132,5,0,1
BRDA:132,5,1,0
BRDA:135,6,0,1
BRDA:135,6,1,0
BRDA:170,7,0,2
BRDA:193,8,0,8
BRDA:193,8,1,0
BRDA:202,9,0,0
BRDA:202,9,1,2
BRDA:218,10,0,0
BRDA:218,10,1,2
BRDA:224,11,0,0
BRDA:224,11,1,8
BRDA:224,12,0,8
BRDA:224,12,1,0
BRDA:235,13,0,8
BRDA:235,13,1,0
BRDA:256,14,0,0
BRDA:256,14,1,16
BRDA:256,15,0,16
BRDA:256,15,1,16
BRDA:258,16,0,1
BRDA:258,16,1,15
BRDA:258,17,0,16
BRDA:258,17,1,15
BRDA:258,17,2,15
BRF:36
BRH:20
end_of_record
TN:
SF:src/services/MalwareScannerService.ts
FN:22,(anonymous_9)
FN:26,(anonymous_10)
FN:50,(anonymous_11)
FN:99,(anonymous_12)
FN:114,(anonymous_13)
FNF:5
FNH:4
FNDA:2,(anonymous_9)
FNDA:2,(anonymous_10)
FNDA:2,(anonymous_11)
FNDA:3,(anonymous_12)
FNDA:0,(anonymous_13)
DA:1,1
DA:2,1
DA:16,1
DA:18,2
DA:19,2
DA:20,2
DA:22,2
DA:23,2
DA:27,2
DA:28,0
DA:31,2
DA:32,2
DA:33,2
DA:35,2
DA:36,2
DA:37,2
DA:38,2
DA:40,2
DA:42,0
DA:46,0
DA:51,2
DA:52,2
DA:55,2
DA:58,2
DA:59,2
DA:60,1
DA:61,1
DA:64,1
DA:65,1
DA:67,1
DA:69,1
DA:70,1
DA:71,3
DA:72,3
DA:73,3
DA:75,3
DA:76,3
DA:77,3
DA:78,1
DA:89,1
DA:92,1
DA:94,0
DA:95,0
DA:100,3
DA:101,3
DA:103,3
DA:104,1
DA:111,2
DA:115,0
DA:116,0
DA:117,0
LF:51
LH:43
BRDA:27,0,0,0
BRDA:27,0,1,2
BRDA:59,1,0,1
BRDA:59,1,1,1
BRDA:69,2,0,1
BRDA:69,2,1,0
BRDA:72,3,0,3
BRDA:72,3,1,0
BRDA:75,4,0,3
BRDA:75,4,1,0
BRDA:75,5,0,3
BRDA:75,5,1,3
BRDA:77,6,0,1
BRDA:77,6,1,2
BRDA:103,7,0,1
BRDA:103,7,1,2
BRF:16
BRH:12
end_of_record
